6430365 DEBUG [2020-05-02 01:28:26]  TemplateLoader.findTemplateSource("index.html_zh.ftlh"): Not found
6430365 DEBUG [2020-05-02 01:28:26]  TemplateLoader.findTemplateSource("index.html.ftlh"): Not found
6430365 DEBUG [2020-05-02 01:28:26]  "index.html.ftlh"("zh_CN", UTF-8, parsed) no source found.
0    DEBUG [2020-05-02 01:32:30]  Couldn't find template in cache for "index.html.ftlh"("zh_CN", UTF-8, parsed); will try to load it.
3    DEBUG [2020-05-02 01:32:30]  TemplateLoader.findTemplateSource("index.html_zh_CN.ftlh"): Not found
4    DEBUG [2020-05-02 01:32:30]  TemplateLoader.findTemplateSource("index.html_zh.ftlh"): Not found
4    DEBUG [2020-05-02 01:32:30]  TemplateLoader.findTemplateSource("index.html.ftlh"): Not found
3774 DEBUG [2020-05-02 01:32:34]  "index.html.ftlh"("zh_CN", UTF-8, parsed) cached copy not yet stale; using cached.
22842 DEBUG [2020-05-02 01:32:53]  TemplateLoader.findTemplateSource("index.html_zh_CN.ftlh"): Not found
22843 DEBUG [2020-05-02 01:32:53]  TemplateLoader.findTemplateSource("index.html_zh.ftlh"): Not found
22843 DEBUG [2020-05-02 01:32:53]  TemplateLoader.findTemplateSource("index.html.ftlh"): Not found
22843 DEBUG [2020-05-02 01:32:53]  "index.html.ftlh"("zh_CN", UTF-8, parsed) no source found.
28342 DEBUG [2020-05-02 01:32:58]  TemplateLoader.findTemplateSource("index.html_zh_CN.ftlh"): Not found
28344 DEBUG [2020-05-02 01:32:58]  TemplateLoader.findTemplateSource("index.html_zh.ftlh"): Not found
28344 DEBUG [2020-05-02 01:32:58]  TemplateLoader.findTemplateSource("index.html.ftlh"): Not found
28344 DEBUG [2020-05-02 01:32:58]  "index.html.ftlh"("zh_CN", UTF-8, parsed) no source found.
0    DEBUG [2020-05-02 01:36:13]  Couldn't find template in cache for "index.html.ftlh"("zh_CN", UTF-8, parsed); will try to load it.
2    DEBUG [2020-05-02 01:36:13]  TemplateLoader.findTemplateSource("index.html_zh_CN.ftlh"): Not found
3    DEBUG [2020-05-02 01:36:13]  TemplateLoader.findTemplateSource("index.html_zh.ftlh"): Not found
3    DEBUG [2020-05-02 01:36:13]  TemplateLoader.findTemplateSource("index.html.ftlh"): Not found
2894 DEBUG [2020-05-02 01:36:16]  "index.html.ftlh"("zh_CN", UTF-8, parsed) cached copy not yet stale; using cached.
20895 DEBUG [2020-05-02 01:36:34]  TemplateLoader.findTemplateSource("index.html_zh_CN.ftlh"): Not found
20896 DEBUG [2020-05-02 01:36:34]  TemplateLoader.findTemplateSource("index.html_zh.ftlh"): Not found
20896 DEBUG [2020-05-02 01:36:34]  TemplateLoader.findTemplateSource("index.html.ftlh"): Not found
20896 DEBUG [2020-05-02 01:36:34]  "index.html.ftlh"("zh_CN", UTF-8, parsed) no source found.
0    DEBUG [2020-05-02 01:40:21]  Couldn't find template in cache for "index.ftlh"("zh_CN", UTF-8, parsed); will try to load it.
3    DEBUG [2020-05-02 01:40:21]  TemplateLoader.findTemplateSource("index_zh_CN.ftlh"): Not found
4    DEBUG [2020-05-02 01:40:21]  TemplateLoader.findTemplateSource("index_zh.ftlh"): Not found
4    DEBUG [2020-05-02 01:40:21]  TemplateLoader.findTemplateSource("index.ftlh"): Not found
20156 DEBUG [2020-05-02 01:40:41]  TemplateLoader.findTemplateSource("index_zh_CN.ftlh"): Not found
20157 DEBUG [2020-05-02 01:40:41]  TemplateLoader.findTemplateSource("index_zh.ftlh"): Not found
20157 DEBUG [2020-05-02 01:40:41]  TemplateLoader.findTemplateSource("index.ftlh"): Not found
20158 DEBUG [2020-05-02 01:40:41]  "index.ftlh"("zh_CN", UTF-8, parsed) no source found.
0    DEBUG [2020-05-02 01:57:08]  Couldn't find template in cache for "index.ftlh"("zh_CN", UTF-8, parsed); will try to load it.
4    DEBUG [2020-05-02 01:57:08]  TemplateLoader.findTemplateSource("index_zh_CN.ftlh"): Not found
5    DEBUG [2020-05-02 01:57:08]  TemplateLoader.findTemplateSource("index_zh.ftlh"): Not found
5    DEBUG [2020-05-02 01:57:08]  TemplateLoader.findTemplateSource("index.ftlh"): Not found
20183 DEBUG [2020-05-02 01:57:29]  TemplateLoader.findTemplateSource("index_zh_CN.ftlh"): Not found
20184 DEBUG [2020-05-02 01:57:29]  TemplateLoader.findTemplateSource("index_zh.ftlh"): Not found
20184 DEBUG [2020-05-02 01:57:29]  TemplateLoader.findTemplateSource("index.ftlh"): Not found
20184 DEBUG [2020-05-02 01:57:29]  "index.ftlh"("zh_CN", UTF-8, parsed) no source found.
0    DEBUG [2020-05-02 01:58:54]  Couldn't find template in cache for "index.ftlh"("zh_CN", UTF-8, parsed); will try to load it.
3    DEBUG [2020-05-02 01:58:54]  TemplateLoader.findTemplateSource("index_zh_CN.ftlh"): Not found
4    DEBUG [2020-05-02 01:58:54]  TemplateLoader.findTemplateSource("index_zh.ftlh"): Not found
4    DEBUG [2020-05-02 01:58:54]  TemplateLoader.findTemplateSource("index.ftlh"): Not found
5018 DEBUG [2020-05-02 01:58:59]  TemplateLoader.findTemplateSource("index_zh_CN.ftlh"): Not found
5019 DEBUG [2020-05-02 01:58:59]  TemplateLoader.findTemplateSource("index_zh.ftlh"): Not found
5019 DEBUG [2020-05-02 01:58:59]  TemplateLoader.findTemplateSource("index.ftlh"): Not found
5019 DEBUG [2020-05-02 01:58:59]  "index.ftlh"("zh_CN", UTF-8, parsed) no source found.
45846 DEBUG [2020-05-02 01:59:40]  TemplateLoader.findTemplateSource("index_zh_CN.ftlh"): Not found
45847 DEBUG [2020-05-02 01:59:40]  TemplateLoader.findTemplateSource("index_zh.ftlh"): Not found
45848 DEBUG [2020-05-02 01:59:40]  TemplateLoader.findTemplateSource("index.ftlh"): Not found
45848 DEBUG [2020-05-02 01:59:40]  "index.ftlh"("zh_CN", UTF-8, parsed) no source found.
0    DEBUG [2020-05-02 02:00:38]  Couldn't find template in cache for "index.ftlh"("zh_CN", UTF-8, parsed); will try to load it.
2    DEBUG [2020-05-02 02:00:38]  TemplateLoader.findTemplateSource("index_zh_CN.ftlh"): Not found
2    DEBUG [2020-05-02 02:00:38]  TemplateLoader.findTemplateSource("index_zh.ftlh"): Not found
2    DEBUG [2020-05-02 02:00:38]  TemplateLoader.findTemplateSource("index.ftlh"): Not found
5576 DEBUG [2020-05-02 02:00:44]  TemplateLoader.findTemplateSource("index_zh_CN.ftlh"): Not found
5577 DEBUG [2020-05-02 02:00:44]  TemplateLoader.findTemplateSource("index_zh.ftlh"): Not found
5578 DEBUG [2020-05-02 02:00:44]  TemplateLoader.findTemplateSource("index.ftlh"): Not found
5578 DEBUG [2020-05-02 02:00:44]  "index.ftlh"("zh_CN", UTF-8, parsed) no source found.
9288 DEBUG [2020-05-02 02:00:47]  "index.ftlh"("zh_CN", UTF-8, parsed) cached copy not yet stale; using cached.
28457 DEBUG [2020-05-02 02:01:07]  TemplateLoader.findTemplateSource("index_zh_CN.ftlh"): Not found
28457 DEBUG [2020-05-02 02:01:07]  TemplateLoader.findTemplateSource("index_zh.ftlh"): Not found
28457 DEBUG [2020-05-02 02:01:07]  TemplateLoader.findTemplateSource("index.ftlh"): Not found
28458 DEBUG [2020-05-02 02:01:07]  "index.ftlh"("zh_CN", UTF-8, parsed) no source found.
0    DEBUG [2020-05-02 02:02:10]  Couldn't find template in cache for "index.ftlh"("zh_CN", UTF-8, parsed); will try to load it.
0    DEBUG [2020-05-02 02:02:10]  TemplateLoader.findTemplateSource("index_zh_CN.ftlh"): Not found
2    DEBUG [2020-05-02 02:02:10]  TemplateLoader.findTemplateSource("index_zh.ftlh"): Not found
2    DEBUG [2020-05-02 02:02:10]  TemplateLoader.findTemplateSource("index.ftlh"): Not found
19128 DEBUG [2020-05-02 02:02:29]  TemplateLoader.findTemplateSource("index_zh_CN.ftlh"): Not found
19129 DEBUG [2020-05-02 02:02:29]  TemplateLoader.findTemplateSource("index_zh.ftlh"): Not found
19129 DEBUG [2020-05-02 02:02:29]  TemplateLoader.findTemplateSource("index.ftlh"): Not found
19129 DEBUG [2020-05-02 02:02:29]  "index.ftlh"("zh_CN", UTF-8, parsed) no source found.
0    DEBUG [2020-05-02 02:03:10]  Couldn't find template in cache for "index.ftlh"("zh_CN", UTF-8, parsed); will try to load it.
3    DEBUG [2020-05-02 02:03:10]  TemplateLoader.findTemplateSource("index_zh_CN.ftlh"): Not found
3    DEBUG [2020-05-02 02:03:10]  TemplateLoader.findTemplateSource("index_zh.ftlh"): Not found
3    DEBUG [2020-05-02 02:03:10]  TemplateLoader.findTemplateSource("index.ftlh"): Not found
17923 DEBUG [2020-05-02 02:03:28]  TemplateLoader.findTemplateSource("index_zh_CN.ftlh"): Not found
17925 DEBUG [2020-05-02 02:03:28]  TemplateLoader.findTemplateSource("index_zh.ftlh"): Not found
17925 DEBUG [2020-05-02 02:03:28]  TemplateLoader.findTemplateSource("index.ftlh"): Not found
17925 DEBUG [2020-05-02 02:03:28]  "index.ftlh"("zh_CN", UTF-8, parsed) no source found.
0    DEBUG [2020-05-02 02:04:31]  Couldn't find template in cache for "index.ftlh"("zh_CN", UTF-8, parsed); will try to load it.
3    DEBUG [2020-05-02 02:04:31]  TemplateLoader.findTemplateSource("index_zh_CN.ftlh"): Not found
5    DEBUG [2020-05-02 02:04:31]  TemplateLoader.findTemplateSource("index_zh.ftlh"): Not found
5    DEBUG [2020-05-02 02:04:31]  TemplateLoader.findTemplateSource("index.ftlh"): Not found
15279 DEBUG [2020-05-02 02:04:46]  TemplateLoader.findTemplateSource("index_zh_CN.ftlh"): Not found
15280 DEBUG [2020-05-02 02:04:46]  TemplateLoader.findTemplateSource("index_zh.ftlh"): Not found
15281 DEBUG [2020-05-02 02:04:46]  TemplateLoader.findTemplateSource("index.ftlh"): Not found
15281 DEBUG [2020-05-02 02:04:46]  "index.ftlh"("zh_CN", UTF-8, parsed) no source found.
27245 DEBUG [2020-05-02 02:04:58]  TemplateLoader.findTemplateSource("index_zh_CN.ftlh"): Not found
27245 DEBUG [2020-05-02 02:04:58]  TemplateLoader.findTemplateSource("index_zh.ftlh"): Not found
27246 DEBUG [2020-05-02 02:04:58]  TemplateLoader.findTemplateSource("index.ftlh"): Not found
27246 DEBUG [2020-05-02 02:04:58]  "index.ftlh"("zh_CN", UTF-8, parsed) no source found.
41536 DEBUG [2020-05-02 02:05:13]  TemplateLoader.findTemplateSource("index_zh_CN.ftlh"): Not found
41536 DEBUG [2020-05-02 02:05:13]  TemplateLoader.findTemplateSource("index_zh.ftlh"): Not found
41536 DEBUG [2020-05-02 02:05:13]  TemplateLoader.findTemplateSource("index.ftlh"): Not found
41536 DEBUG [2020-05-02 02:05:13]  "index.ftlh"("zh_CN", UTF-8, parsed) no source found.
0    DEBUG [2020-05-02 02:05:52]  Couldn't find template in cache for "index.ftlh"("zh_CN", UTF-8, parsed); will try to load it.
3    DEBUG [2020-05-02 02:05:52]  TemplateLoader.findTemplateSource("index_zh_CN.ftlh"): Not found
3    DEBUG [2020-05-02 02:05:52]  TemplateLoader.findTemplateSource("index_zh.ftlh"): Not found
3    DEBUG [2020-05-02 02:05:52]  TemplateLoader.findTemplateSource("index.ftlh"): Not found
31343 DEBUG [2020-05-02 02:06:24]  TemplateLoader.findTemplateSource("index_zh_CN.ftlh"): Not found
31344 DEBUG [2020-05-02 02:06:24]  TemplateLoader.findTemplateSource("index_zh.ftlh"): Not found
31345 DEBUG [2020-05-02 02:06:24]  TemplateLoader.findTemplateSource("index.ftlh"): Not found
31345 DEBUG [2020-05-02 02:06:24]  "index.ftlh"("zh_CN", UTF-8, parsed) no source found.
65990 DEBUG [2020-05-02 02:06:58]  TemplateLoader.findTemplateSource("index_zh_CN.ftlh"): Not found
65991 DEBUG [2020-05-02 02:06:58]  TemplateLoader.findTemplateSource("index_zh.ftlh"): Not found
65992 DEBUG [2020-05-02 02:06:58]  TemplateLoader.findTemplateSource("index.ftlh"): Not found
65992 DEBUG [2020-05-02 02:06:58]  "index.ftlh"("zh_CN", UTF-8, parsed) no source found.
68734 DEBUG [2020-05-02 02:07:01]  "index.ftlh"("zh_CN", UTF-8, parsed) cached copy not yet stale; using cached.
76195 DEBUG [2020-05-02 02:07:08]  TemplateLoader.findTemplateSource("index_zh_CN.ftlh"): Not found
76196 DEBUG [2020-05-02 02:07:08]  TemplateLoader.findTemplateSource("index_zh.ftlh"): Not found
76196 DEBUG [2020-05-02 02:07:08]  TemplateLoader.findTemplateSource("index.ftlh"): Not found
76196 DEBUG [2020-05-02 02:07:08]  "index.ftlh"("zh_CN", UTF-8, parsed) no source found.
78276 DEBUG [2020-05-02 02:07:11]  "index.ftlh"("zh_CN", UTF-8, parsed) cached copy not yet stale; using cached.
87900 DEBUG [2020-05-02 02:07:20]  TemplateLoader.findTemplateSource("index_zh_CN.ftlh"): Not found
87901 DEBUG [2020-05-02 02:07:20]  TemplateLoader.findTemplateSource("index_zh.ftlh"): Not found
87901 DEBUG [2020-05-02 02:07:20]  TemplateLoader.findTemplateSource("index.ftlh"): Not found
87901 DEBUG [2020-05-02 02:07:20]  "index.ftlh"("zh_CN", UTF-8, parsed) no source found.
96121 DEBUG [2020-05-02 02:07:28]  TemplateLoader.findTemplateSource("index_zh_CN.ftlh"): Not found
96121 DEBUG [2020-05-02 02:07:28]  TemplateLoader.findTemplateSource("index_zh.ftlh"): Not found
96122 DEBUG [2020-05-02 02:07:28]  TemplateLoader.findTemplateSource("index.ftlh"): Not found
96122 DEBUG [2020-05-02 02:07:28]  "index.ftlh"("zh_CN", UTF-8, parsed) no source found.
114833 DEBUG [2020-05-02 02:07:47]  TemplateLoader.findTemplateSource("index_zh_CN.ftlh"): Not found
114834 DEBUG [2020-05-02 02:07:47]  TemplateLoader.findTemplateSource("index_zh.ftlh"): Not found
114834 DEBUG [2020-05-02 02:07:47]  TemplateLoader.findTemplateSource("index.ftlh"): Not found
114834 DEBUG [2020-05-02 02:07:47]  "index.ftlh"("zh_CN", UTF-8, parsed) no source found.
0    DEBUG [2020-05-02 02:09:00]  Couldn't find template in cache for "index.ftlh"("zh_CN", UTF-8, parsed); will try to load it.
3    DEBUG [2020-05-02 02:09:00]  TemplateLoader.findTemplateSource("index_zh_CN.ftlh"): Not found
4    DEBUG [2020-05-02 02:09:00]  TemplateLoader.findTemplateSource("index_zh.ftlh"): Not found
4    DEBUG [2020-05-02 02:09:00]  TemplateLoader.findTemplateSource("index.ftlh"): Not found
21054 DEBUG [2020-05-02 02:09:21]  TemplateLoader.findTemplateSource("index_zh_CN.ftlh"): Not found
21055 DEBUG [2020-05-02 02:09:21]  TemplateLoader.findTemplateSource("index_zh.ftlh"): Not found
21056 DEBUG [2020-05-02 02:09:21]  TemplateLoader.findTemplateSource("index.ftlh"): Not found
21056 DEBUG [2020-05-02 02:09:21]  "index.ftlh"("zh_CN", UTF-8, parsed) no source found.
0    DEBUG [2020-05-02 02:12:50]  Couldn't find template in cache for "index.ftlh"("zh_CN", UTF-8, parsed); will try to load it.
4    DEBUG [2020-05-02 02:12:50]  TemplateLoader.findTemplateSource("index_zh_CN.ftlh"): Not found
5    DEBUG [2020-05-02 02:12:50]  TemplateLoader.findTemplateSource("index_zh.ftlh"): Not found
5    DEBUG [2020-05-02 02:12:50]  TemplateLoader.findTemplateSource("index.ftlh"): Not found
0    DEBUG [2020-05-02 02:14:32]  Couldn't find template in cache for ".ftlh"("zh_CN", UTF-8, parsed); will try to load it.
2    DEBUG [2020-05-02 02:14:32]  TemplateLoader.findTemplateSource("_zh_CN.ftlh"): Not found
3    DEBUG [2020-05-02 02:14:32]  TemplateLoader.findTemplateSource("_zh.ftlh"): Not found
3    DEBUG [2020-05-02 02:14:32]  TemplateLoader.findTemplateSource(".ftlh"): Not found
150  DEBUG [2020-05-02 02:14:32]  Couldn't find template in cache for "error.ftlh"("zh_CN", UTF-8, parsed); will try to load it.
151  DEBUG [2020-05-02 02:14:32]  TemplateLoader.findTemplateSource("error_zh_CN.ftlh"): Not found
151  DEBUG [2020-05-02 02:14:32]  TemplateLoader.findTemplateSource("error_zh.ftlh"): Not found
151  DEBUG [2020-05-02 02:14:32]  TemplateLoader.findTemplateSource("error.ftlh"): Not found
793  DEBUG [2020-05-02 02:14:32]  ".ftlh"("zh_CN", UTF-8, parsed) cached copy not yet stale; using cached.
800  DEBUG [2020-05-02 02:14:32]  "error.ftlh"("zh_CN", UTF-8, parsed) cached copy not yet stale; using cached.
79499 DEBUG [2020-05-02 02:15:51]  TemplateLoader.findTemplateSource("_zh_CN.ftlh"): Not found
79500 DEBUG [2020-05-02 02:15:51]  TemplateLoader.findTemplateSource("_zh.ftlh"): Not found
79500 DEBUG [2020-05-02 02:15:51]  TemplateLoader.findTemplateSource(".ftlh"): Not found
79500 DEBUG [2020-05-02 02:15:51]  ".ftlh"("zh_CN", UTF-8, parsed) no source found.
79507 DEBUG [2020-05-02 02:15:51]  TemplateLoader.findTemplateSource("error_zh_CN.ftlh"): Not found
79508 DEBUG [2020-05-02 02:15:51]  TemplateLoader.findTemplateSource("error_zh.ftlh"): Not found
79508 DEBUG [2020-05-02 02:15:51]  TemplateLoader.findTemplateSource("error.ftlh"): Not found
79508 DEBUG [2020-05-02 02:15:51]  "error.ftlh"("zh_CN", UTF-8, parsed) no source found.
0    DEBUG [2020-05-02 02:19:46]  Couldn't find template in cache for "index.html.ftlh"("zh_CN", UTF-8, parsed); will try to load it.
4    DEBUG [2020-05-02 02:19:46]  TemplateLoader.findTemplateSource("index.html_zh_CN.ftlh"): Not found
5    DEBUG [2020-05-02 02:19:46]  TemplateLoader.findTemplateSource("index.html_zh.ftlh"): Not found
6    DEBUG [2020-05-02 02:19:46]  TemplateLoader.findTemplateSource("index.html.ftlh"): Not found
23393 DEBUG [2020-05-02 02:20:10]  TemplateLoader.findTemplateSource("index.html_zh_CN.ftlh"): Not found
23395 DEBUG [2020-05-02 02:20:10]  TemplateLoader.findTemplateSource("index.html_zh.ftlh"): Not found
23395 DEBUG [2020-05-02 02:20:10]  TemplateLoader.findTemplateSource("index.html.ftlh"): Not found
23395 DEBUG [2020-05-02 02:20:10]  "index.html.ftlh"("zh_CN", UTF-8, parsed) no source found.
369819 DEBUG [2020-05-02 02:25:56]  TemplateLoader.findTemplateSource("index.html_zh_CN.ftlh"): Not found
369820 DEBUG [2020-05-02 02:25:56]  TemplateLoader.findTemplateSource("index.html_zh.ftlh"): Not found
369820 DEBUG [2020-05-02 02:25:56]  TemplateLoader.findTemplateSource("index.html.ftlh"): Not found
369820 DEBUG [2020-05-02 02:25:56]  "index.html.ftlh"("zh_CN", UTF-8, parsed) no source found.
374633 DEBUG [2020-05-02 02:26:01]  "index.html.ftlh"("zh_CN", UTF-8, parsed) cached copy not yet stale; using cached.
0    DEBUG [2020-05-02 14:56:27]  Couldn't find template in cache for "index.html.ftlh"("zh_CN", UTF-8, parsed); will try to load it.
10   DEBUG [2020-05-02 14:56:27]  TemplateLoader.findTemplateSource("index.html_zh_CN.ftlh"): Not found
12   DEBUG [2020-05-02 14:56:27]  TemplateLoader.findTemplateSource("index.html_zh.ftlh"): Not found
12   DEBUG [2020-05-02 14:56:27]  TemplateLoader.findTemplateSource("index.html.ftlh"): Not found
35180 DEBUG [2020-05-02 14:57:02]  TemplateLoader.findTemplateSource("index.html_zh_CN.ftlh"): Not found
35182 DEBUG [2020-05-02 14:57:02]  TemplateLoader.findTemplateSource("index.html_zh.ftlh"): Not found
35182 DEBUG [2020-05-02 14:57:02]  TemplateLoader.findTemplateSource("index.html.ftlh"): Not found
35182 DEBUG [2020-05-02 14:57:02]  "index.html.ftlh"("zh_CN", UTF-8, parsed) no source found.
0    DEBUG [2020-05-02 14:58:58]  Couldn't find template in cache for "index.html.ftlh"("zh_CN", UTF-8, parsed); will try to load it.
3    DEBUG [2020-05-02 14:58:58]  TemplateLoader.findTemplateSource("index.html_zh_CN.ftlh"): Not found
4    DEBUG [2020-05-02 14:58:58]  TemplateLoader.findTemplateSource("index.html_zh.ftlh"): Not found
4    DEBUG [2020-05-02 14:58:58]  TemplateLoader.findTemplateSource("index.html.ftlh"): Not found
0    DEBUG [2020-05-02 15:01:17]  Couldn't find template in cache for "index.html.ftlh"("zh_CN", UTF-8, parsed); will try to load it.
3    DEBUG [2020-05-02 15:01:17]  TemplateLoader.findTemplateSource("index.html_zh_CN.ftlh"): Not found
5    DEBUG [2020-05-02 15:01:17]  TemplateLoader.findTemplateSource("index.html_zh.ftlh"): Not found
6    DEBUG [2020-05-02 15:01:17]  TemplateLoader.findTemplateSource("index.html.ftlh"): Not found
0    DEBUG [2020-05-02 15:17:51]  Couldn't find template in cache for "index.html.ftlh"("zh_CN", UTF-8, parsed); will try to load it.
2    DEBUG [2020-05-02 15:17:51]  TemplateLoader.findTemplateSource("index.html_zh_CN.ftlh"): Not found
3    DEBUG [2020-05-02 15:17:51]  TemplateLoader.findTemplateSource("index.html_zh.ftlh"): Not found
3    DEBUG [2020-05-02 15:17:51]  TemplateLoader.findTemplateSource("index.html.ftlh"): Not found
0    DEBUG [2020-05-02 15:21:29]  Couldn't find template in cache for "index.html.ftlh"("zh_CN", UTF-8, parsed); will try to load it.
2    DEBUG [2020-05-02 15:21:29]  TemplateLoader.findTemplateSource("index.html_zh_CN.ftlh"): Not found
2    DEBUG [2020-05-02 15:21:29]  TemplateLoader.findTemplateSource("index.html_zh.ftlh"): Not found
3    DEBUG [2020-05-02 15:21:29]  TemplateLoader.findTemplateSource("index.html.ftlh"): Not found
16702 DEBUG [2020-05-02 15:21:46]  TemplateLoader.findTemplateSource("index.html_zh_CN.ftlh"): Not found
16704 DEBUG [2020-05-02 15:21:46]  TemplateLoader.findTemplateSource("index.html_zh.ftlh"): Not found
16704 DEBUG [2020-05-02 15:21:46]  TemplateLoader.findTemplateSource("index.html.ftlh"): Not found
16704 DEBUG [2020-05-02 15:21:46]  "index.html.ftlh"("zh_CN", UTF-8, parsed) no source found.
